2016-05-21 10:44:54,588 INFO ======================================== AutoBid.py
2016-05-21 10:44:54,588 INFO =======         START BID         ====== AutoBid.py
2016-05-21 10:44:54,588 INFO ======================================== AutoBid.py
2016-05-21 10:44:54,588 DEBUG Screen resolution is 1280 x 800 ScreenResolver.py
2016-05-21 10:44:54,588 DEBUG Using pre-defined settings ScreenResolver.py
2016-05-21 10:45:31,210 INFO ========Using customized px strategy ======== BidStrategy.py
2016-05-21 10:45:34,460 DEBUG Cick on customerized price button ScreenResolver.py
2016-05-21 10:45:34,460 DEBUG Click at position (863, 385) ScreenResolver.py
2016-05-21 10:45:34,460 DEBUG Click on bid button ScreenResolver.py
2016-05-21 10:45:34,460 DEBUG Click at position (998, 489) ScreenResolver.py
2016-05-21 10:45:46,762 INFO ======================================== AutoBid.py
2016-05-21 10:45:46,762 INFO =======         START BID         ====== AutoBid.py
2016-05-21 10:45:46,762 INFO ======================================== AutoBid.py
2016-05-21 10:45:46,762 DEBUG Screen resolution is 1280 x 800 ScreenResolver.py
2016-05-21 10:45:46,762 DEBUG Using pre-defined settings ScreenResolver.py
2016-05-21 10:45:47,528 INFO ========Using customized px strategy ======== BidStrategy.py
2016-05-21 10:45:49,184 DEBUG Cick on customerized price button ScreenResolver.py
2016-05-21 10:45:49,184 DEBUG Click at position (863, 385) ScreenResolver.py
2016-05-21 10:45:49,184 DEBUG Click on bid button ScreenResolver.py
2016-05-21 10:45:49,184 DEBUG Click at position (998, 489) ScreenResolver.py
2016-05-21 10:47:04,191 INFO ======================================== AutoBid.py
2016-05-21 10:47:04,191 INFO =======         START BID         ====== AutoBid.py
2016-05-21 10:47:04,191 INFO ======================================== AutoBid.py
2016-05-21 10:47:04,191 DEBUG Screen resolution is 1280 x 800 ScreenResolver.py
2016-05-21 10:47:04,191 DEBUG Using pre-defined settings ScreenResolver.py
2016-05-21 10:47:09,177 INFO ========Using customized px strategy ======== BidStrategy.py
2016-05-21 10:47:58,714 DEBUG Cick on customerized price button ScreenResolver.py
2016-05-21 10:47:58,714 DEBUG Click at position (863, 385) ScreenResolver.py
2016-05-21 10:47:58,714 DEBUG Click on bid button ScreenResolver.py
2016-05-21 10:47:58,714 DEBUG Click at position (998, 489) ScreenResolver.py
2016-05-21 10:48:00,684 INFO ======================================== AutoBid.py
2016-05-21 10:48:00,684 INFO =======         START BID         ====== AutoBid.py
2016-05-21 10:48:00,684 INFO ======================================== AutoBid.py
2016-05-21 10:48:00,684 DEBUG Screen resolution is 1280 x 800 ScreenResolver.py
2016-05-21 10:48:00,684 DEBUG Using pre-defined settings ScreenResolver.py
2016-05-21 10:48:01,982 INFO ========Using customized px strategy ======== BidStrategy.py
2016-05-21 10:48:02,950 DEBUG Cick on customerized price button ScreenResolver.py
2016-05-21 10:48:02,950 DEBUG Click at position (863, 385) ScreenResolver.py
2016-05-21 10:48:02,950 DEBUG Click on bid button ScreenResolver.py
2016-05-21 10:48:02,950 DEBUG Click at position (998, 489) ScreenResolver.py
2016-05-21 10:48:02,950 DEBUG Waiting for verification code input BidStrategy.py
2016-05-21 10:50:19,473 DEBUG Copy and paste to verification code field ScreenResolver.py
2016-05-21 10:50:19,473 DEBUG Click at position (864, 487) ScreenResolver.py
2016-05-21 10:50:19,927 DEBUG Waiting for enter to submit price BidStrategy.py
2016-05-21 10:50:22,348 DEBUG Submitting price to bid server BidStrategy.py
2016-05-21 10:50:22,348 DEBUG Click on ok button ScreenResolver.py
2016-05-21 10:50:22,348 DEBUG Click at position (740, 556) ScreenResolver.py
2016-05-21 10:50:22,348 DEBUG Click on error button ScreenResolver.py
2016-05-21 10:50:22,348 DEBUG Click at position (834, 546) ScreenResolver.py
2016-05-21 10:50:22,348 DEBUG Click on ok_after_bid button ScreenResolver.py
2016-05-21 10:50:22,348 DEBUG Click at position (950, 540) ScreenResolver.py
