screen prepared
copy and paste manual px to price field
click at position (864, 487)
click on bid button
click at position (998, 489)
input verification code...
copy and paste to verification code field
click at position (864, 487)
wait for enter to click on ok button
click on ok button after verification code
click at position (740, 556)
screen prepared
copy and paste manual px to price field
click at position (864, 487)
click on bid button
click at position (998, 489)
input verification code...
copy and paste to verification code field
click at position (864, 487)
wait for enter to click on ok button
click on ok button after verification code
click at position (740, 556)
