2016-04-20 21:49:41,655 INFO ======================================== AutoBid.py
2016-04-20 21:49:41,655 INFO =======         START BID         ====== AutoBid.py
2016-04-20 21:49:41,655 INFO ======================================== AutoBid.py
2016-04-20 21:49:41,657 INFO ========Using plus 300 strategy ======== BidStrategy.py
2016-04-20 21:49:42,506 DEBUG Click on plus 300 price button ScreenResolver.py
2016-04-20 21:49:42,506 DEBUG Click at position (827, 453) ScreenResolver.py
2016-04-20 21:49:42,507 DEBUG Click on bid button ScreenResolver.py
2016-04-20 21:49:42,509 DEBUG Click at position (998, 489) ScreenResolver.py
2016-04-20 21:49:42,519 DEBUG Waiting for verification code input BidStrategy.py
2016-04-20 21:49:42,831 DEBUG Copy and paste to verification code field ScreenResolver.py
2016-04-20 21:49:42,832 DEBUG Click at position (864, 487) ScreenResolver.py
2016-04-20 21:49:42,832 DEBUG Waiting for enter to submit price BidStrategy.py
2016-04-20 21:49:43,003 DEBUG Submitting price to bid server BidStrategy.py
2016-04-20 21:49:43,003 DEBUG Click on ok button ScreenResolver.py
2016-04-20 21:49:43,003 DEBUG Click at position (740, 556) ScreenResolver.py
2016-04-20 21:49:43,005 INFO ========Using manual input px strategy ======== BidStrategy.py
2016-04-20 21:49:43,127 DEBUG Copy and paste manual px to price field ScreenResolver.py
2016-04-20 21:49:43,128 DEBUG Click at position (864, 487) ScreenResolver.py
2016-04-20 21:49:43,130 DEBUG Click on bid button ScreenResolver.py
2016-04-20 21:49:43,130 DEBUG Click at position (998, 489) ScreenResolver.py
2016-04-20 21:49:43,131 DEBUG Waiting for verification code input BidStrategy.py
2016-04-20 21:49:43,331 DEBUG Copy and paste to verification code field ScreenResolver.py
2016-04-20 21:49:43,331 DEBUG Click at position (864, 487) ScreenResolver.py
2016-04-20 21:49:43,332 DEBUG Waiting for enter to submit price BidStrategy.py
2016-04-20 21:49:43,641 DEBUG Submitting price to bid server BidStrategy.py
2016-04-20 21:49:43,642 DEBUG Click on ok button ScreenResolver.py
2016-04-20 21:49:43,642 DEBUG Click at position (740, 556) ScreenResolver.py
2016-04-20 21:49:43,644 INFO ========Using customized px strategy ======== BidStrategy.py
2016-04-20 21:49:43,877 DEBUG Cick on customerized price button ScreenResolver.py
2016-04-20 21:49:43,877 DEBUG Click at position (863, 385) ScreenResolver.py
2016-04-20 21:49:43,878 DEBUG Click on bid button ScreenResolver.py
2016-04-20 21:49:43,878 DEBUG Click at position (998, 489) ScreenResolver.py
2016-04-20 21:49:43,878 DEBUG Waiting for verification code input BidStrategy.py
2016-04-20 21:49:44,266 DEBUG Copy and paste to verification code field ScreenResolver.py
2016-04-20 21:49:44,266 DEBUG Click at position (864, 487) ScreenResolver.py
2016-04-20 21:49:44,266 DEBUG Waiting for enter to submit price BidStrategy.py
2016-04-20 21:49:44,667 DEBUG Submitting price to bid server BidStrategy.py
2016-04-20 21:49:44,667 DEBUG Click on ok button ScreenResolver.py
2016-04-20 21:49:44,667 DEBUG Click at position (740, 556) ScreenResolver.py
