2016-04-16 20:04:04,145 screen prepared
2016-04-16 20:04:05,630 copy and paste manual px to price field
2016-04-16 20:04:05,630 click at position (864, 487)
2016-04-16 20:04:06,068 click on bid button
2016-04-16 20:04:06,082 click at position (998, 489)
2016-04-16 20:04:06,098 input verification code...
2016-04-16 20:04:10,723 copy and paste to verification code field
2016-04-16 20:04:10,723 click at position (864, 487)
2016-04-16 20:04:11,177 wait for enter to click on ok button
2016-04-16 20:04:13,648 click on ok button after verification code
2016-04-16 20:04:13,648 click at position (740, 556)
2016-04-16 20:08:33,217 ========================================
2016-04-16 20:08:33,217 =======         START BID         ======
2016-04-16 20:08:33,217 ========================================
2016-04-16 20:08:33,217 screen prepared
2016-04-16 20:08:34,775 copy and paste manual px to price field
2016-04-16 20:08:34,775 click at position (864, 487)
2016-04-16 20:08:35,555 click on bid button
2016-04-16 20:08:35,555 click at position (998, 489)
2016-04-16 20:08:35,555 input verification code...
2016-04-16 20:08:45,842 copy and paste to verification code field
2016-04-16 20:08:45,842 click at position (864, 487)
2016-04-16 20:08:46,607 wait for enter to click on ok button
2016-04-16 20:08:49,227 click on ok button after verification code
2016-04-16 20:08:49,227 click at position (740, 556)
2016-04-16 20:08:52,374 ========================================
2016-04-16 20:08:52,374 =======         START BID         ======
2016-04-16 20:08:52,374 ========================================
2016-04-16 20:08:52,374 screen prepared
2016-04-16 20:08:54,954 copy and paste manual px to price field
2016-04-16 20:08:54,954 click at position (864, 487)
2016-04-16 20:08:55,720 click on bid button
2016-04-16 20:08:55,720 click at position (998, 489)
2016-04-16 20:08:55,720 input verification code...
2016-04-16 20:08:59,569 copy and paste to verification code field
2016-04-16 20:08:59,569 click at position (864, 487)
2016-04-16 20:09:00,335 wait for enter to click on ok button
2016-04-16 20:09:01,835 click on ok button after verification code
2016-04-16 20:09:01,835 click at position (740, 556)
2016-04-16 20:12:19,016 ========================================
2016-04-16 20:12:19,016 =======         START BID         ======
2016-04-16 20:12:19,016 ========================================
2016-04-16 20:12:19,016 screen prepared
2016-04-16 20:12:24,079 copy and paste manual px to price field
2016-04-16 20:12:24,079 click at position (864, 487)
2016-04-16 20:12:24,627 click on bid button
2016-04-16 20:12:24,627 click at position (998, 489)
2016-04-16 20:12:24,627 input verification code...
2016-04-16 20:14:04,765 ========================================
2016-04-16 20:14:04,765 =======         START BID         ======
2016-04-16 20:14:04,765 ========================================
2016-04-16 20:14:04,765 screen prepared
2016-04-16 20:14:07,618 copy and paste manual px to price field
2016-04-16 20:14:07,618 click at position (864, 487)
2016-04-16 20:14:08,290 click on bid button
2016-04-16 20:14:08,305 click at position (998, 489)
2016-04-16 20:14:08,322 input verification code...
2016-04-16 20:14:20,674 copy and paste to verification code field
2016-04-16 20:14:20,674 click at position (864, 487)
2016-04-16 20:14:21,236 wait for enter to click on ok button
2016-04-16 20:14:26,220 click on ok button after verification code
2016-04-16 20:14:26,220 click at position (740, 556)
2016-04-16 20:16:44,197 ========================================
2016-04-16 20:16:44,197 =======         START BID         ======
2016-04-16 20:16:44,197 ========================================
2016-04-16 20:16:44,197 screen prepared
2016-04-16 20:16:52,618 copy and paste manual px to price field
2016-04-16 20:16:52,618 click at position (864, 487)
2016-04-16 20:16:55,134 click on bid button
2016-04-16 20:16:55,151 click at position (998, 489)
2016-04-16 20:16:55,181 input verification code...
2016-04-16 20:17:06,585 copy and paste to verification code field
2016-04-16 20:17:06,585 click at position (864, 487)
2016-04-16 20:17:10,664 wait for enter to click on ok button
2016-04-16 20:17:16,043 click on ok button after verification code
2016-04-16 20:17:16,043 click at position (740, 556)
2016-04-16 20:17:24,309 click on customerized price button
2016-04-16 20:17:24,309 click at position (863, 385)
2016-04-16 20:17:24,309 click on bid button
2016-04-16 20:17:24,325 click at position (998, 489)
2016-04-16 20:17:24,325 input verification code...
2016-04-16 20:17:39,171 copy and paste to verification code field
2016-04-16 20:17:39,187 click at position (864, 487)
2016-04-16 20:17:43,361 wait for enter to click on ok button
2016-04-16 20:17:49,092 click on ok button after verification code
2016-04-16 20:17:49,092 click at position (740, 556)
2016-04-16 20:18:03,101 click on plus 300 price button
2016-04-16 20:18:03,101 click at position (827, 453)
2016-04-16 20:18:03,101 click on bid button
2016-04-16 20:18:03,101 click at position (998, 489)
2016-04-16 20:18:03,101 input verification code...
2016-04-16 20:18:13,424 copy and paste to verification code field
2016-04-16 20:18:13,424 click at position (864, 487)
2016-04-16 20:18:16,720 wait for enter to click on ok button
2016-04-16 20:18:18,342 click on ok button after verification code
2016-04-16 20:18:18,342 click at position (740, 556)
2016-04-16 20:53:42,782 ========================================
2016-04-16 20:53:42,782 =======         START BID         ======
2016-04-16 20:53:42,782 ========================================
2016-04-16 20:53:42,782 screen prepared
2016-04-16 20:53:42,782 ========Using plus 300 strategy ========
2016-04-16 20:53:58,559 click on plus 300 price button
2016-04-16 20:53:58,559 click at position (827, 453)
2016-04-16 20:53:58,559 click on bid button
2016-04-16 20:53:58,573 click at position (998, 489)
2016-04-16 20:53:58,573 waiting for verification code input
2016-04-16 20:54:06,115 copy and paste to verification code field
2016-04-16 20:54:06,115 click at position (864, 487)
2016-04-16 20:54:08,734 wait for enter to submit price
2016-04-16 20:54:12,421 Submitting price to bid server
2016-04-16 20:54:12,421 click on ok button
2016-04-16 20:54:12,421 click at position (740, 556)
2016-04-16 20:54:12,421 ========Using manual input px strategy ========
2016-04-16 20:54:20,125 copy and paste manual px to price field
2016-04-16 20:54:20,125 click at position (864, 487)
2016-04-16 20:54:22,095 click on bid button
2016-04-16 20:54:22,111 click at position (998, 489)
2016-04-16 20:54:22,111 waiting for verification code input
2016-04-16 20:54:29,703 copy and paste to verification code field
2016-04-16 20:54:29,703 click at position (864, 487)
2016-04-16 20:54:32,447 wait for enter to submit price
2016-04-16 20:54:34,180 Submitting price to bid server
2016-04-16 20:54:34,180 click on ok button
2016-04-16 20:54:34,180 click at position (740, 556)
2016-04-16 20:54:34,196 ========Using customized px strategy ========
2016-04-16 20:54:38,953 click on customerized price button
2016-04-16 20:54:38,953 click at position (863, 385)
2016-04-16 20:54:38,953 click on bid button
2016-04-16 20:54:38,953 click at position (998, 489)
2016-04-16 20:54:38,953 waiting for verification code input
2016-04-16 20:54:55,444 copy and paste to verification code field
2016-04-16 20:54:55,444 click at position (864, 487)
2016-04-16 20:54:58,628 wait for enter to submit price
2016-04-16 20:54:59,957 Submitting price to bid server
2016-04-16 20:54:59,957 click on ok button
2016-04-16 20:54:59,957 click at position (740, 556)
