2016-04-23 20:34:19,664 INFO ======================================== AutoBid.py
2016-04-23 20:34:19,664 INFO =======         START BID         ====== AutoBid.py
2016-04-23 20:34:19,664 INFO ======================================== AutoBid.py
2016-04-23 20:34:19,667 INFO ========Using plus 300 strategy ======== BidStrategy.py
2016-04-23 20:34:59,542 INFO ======================================== AutoBid.py
2016-04-23 20:34:59,543 INFO =======         START BID         ====== AutoBid.py
2016-04-23 20:34:59,545 INFO ======================================== AutoBid.py
2016-04-23 20:34:59,549 INFO ========Using plus 300 strategy ======== BidStrategy.py
2016-04-23 20:35:12,825 INFO ======================================== AutoBid.py
2016-04-23 20:35:12,825 INFO =======         START BID         ====== AutoBid.py
2016-04-23 20:35:12,825 INFO ======================================== AutoBid.py
2016-04-23 20:35:12,826 INFO ========Using plus 300 strategy ======== BidStrategy.py
2016-04-23 20:38:22,045 INFO ======================================== AutoBid.py
2016-04-23 20:38:22,046 INFO =======         START BID         ====== AutoBid.py
2016-04-23 20:38:22,046 INFO ======================================== AutoBid.py
2016-04-23 20:38:22,049 INFO ========Using plus 300 strategy ======== BidStrategy.py
2016-04-23 20:52:04,022 INFO ======================================== AutoBid.py
2016-04-23 20:52:04,022 INFO =======         START BID         ====== AutoBid.py
2016-04-23 20:52:04,022 INFO ======================================== AutoBid.py
2016-04-23 20:52:04,023 DEBUG Screen resolution is 1280 x 800 ScreenResolver.py
2016-04-23 20:52:04,023 DEBUG Using pre-defined settings ScreenResolver.py
2016-04-23 20:52:04,023 INFO ========Using plus 300 strategy ======== BidStrategy.py
2016-04-23 20:52:05,733 DEBUG Click on plus 300 price button ScreenResolver.py
2016-04-23 20:52:05,733 DEBUG Click at position (827, 453) ScreenResolver.py
2016-04-23 20:52:05,736 DEBUG Click on bid button ScreenResolver.py
2016-04-23 20:52:05,736 DEBUG Click at position (998, 489) ScreenResolver.py
2016-04-23 20:52:05,740 DEBUG Waiting for verification code input BidStrategy.py
2016-04-23 20:52:06,174 DEBUG Copy and paste to verification code field ScreenResolver.py
2016-04-23 20:52:06,174 DEBUG Click at position (864, 487) ScreenResolver.py
2016-04-23 20:52:06,174 DEBUG Waiting for enter to submit price BidStrategy.py
2016-04-23 20:52:07,098 DEBUG Submitting price to bid server BidStrategy.py
2016-04-23 20:52:07,098 DEBUG Click on ok button ScreenResolver.py
2016-04-23 20:52:07,098 DEBUG Click at position (740, 556) ScreenResolver.py
2016-04-23 20:52:07,099 INFO ========Using manual input px strategy ======== BidStrategy.py
2016-04-23 20:52:07,489 DEBUG Copy and paste manual px to price field ScreenResolver.py
2016-04-23 20:52:07,490 DEBUG Click at position (864, 487) ScreenResolver.py
2016-04-23 20:52:07,490 DEBUG Click on bid button ScreenResolver.py
2016-04-23 20:52:07,490 DEBUG Click at position (998, 489) ScreenResolver.py
2016-04-23 20:52:07,492 DEBUG Waiting for verification code input BidStrategy.py
2016-04-23 20:52:07,904 DEBUG Copy and paste to verification code field ScreenResolver.py
2016-04-23 20:52:07,904 DEBUG Click at position (864, 487) ScreenResolver.py
2016-04-23 20:52:07,905 DEBUG Waiting for enter to submit price BidStrategy.py
2016-04-23 20:52:08,316 DEBUG Submitting price to bid server BidStrategy.py
2016-04-23 20:52:08,316 DEBUG Click on ok button ScreenResolver.py
2016-04-23 20:52:08,316 DEBUG Click at position (740, 556) ScreenResolver.py
2016-04-23 20:52:08,318 INFO ========Using customized px strategy ======== BidStrategy.py
2016-04-23 20:52:08,721 DEBUG Cick on customerized price button ScreenResolver.py
2016-04-23 20:52:08,721 DEBUG Click at position (863, 385) ScreenResolver.py
2016-04-23 20:52:08,723 DEBUG Click on bid button ScreenResolver.py
2016-04-23 20:52:08,723 DEBUG Click at position (998, 489) ScreenResolver.py
2016-04-23 20:52:08,723 DEBUG Waiting for verification code input BidStrategy.py
2016-04-23 20:52:09,391 DEBUG Copy and paste to verification code field ScreenResolver.py
2016-04-23 20:52:09,391 DEBUG Click at position (864, 487) ScreenResolver.py
2016-04-23 20:52:09,394 DEBUG Waiting for enter to submit price BidStrategy.py
2016-04-23 20:52:09,881 DEBUG Submitting price to bid server BidStrategy.py
2016-04-23 20:52:09,881 DEBUG Click on ok button ScreenResolver.py
2016-04-23 20:52:09,881 DEBUG Click at position (740, 556) ScreenResolver.py
